Feed Assay:
60.9623
90.3884
0.71
4.12842
Product Assay:
90.3884
98.2648
4.12842
20.5921
Tails Assay:
38.889
79.3055
0.290548
1.72452
Feed Assay:
60.9623
90.3884
0.71
4.12842
Product Assay:
90.3884
98.2648
4.12842
20.5921
Tails Assay:
38.889
79.3055
0.290548
1.72452
Feed Assay:
4.12842
20.5921
60.9623
90.3884
Product Assay:
20.5921
60.9623
90.3884
98.2648
Tails Assay:
1.72452
9.55737
38.889
79.3055
Feed Assay:
20.5921
60.9623
90.3884
0.71
Product Assay:
60.9623
90.3884
98.2648
4.12842
Tails Assay:
9.55737
38.889
79.3055
0.290548
