Feed Assay:
6.84271
6.84271
34.2639
75.8389
Product Assay:
30.6681
30.6681
75.8389
94.9755
Tails Assay:
2.90624
2.90624
17.5192
56.123
Feed Assay:
6.84271
6.84271
34.2639
75.8389
Product Assay:
30.6681
30.6681
75.8389
94.9755
Tails Assay:
2.90624
2.90624
17.5192
56.123
Feed Assay:
6.84271
6.84271
34.2639
75.8389
Product Assay:
30.6681
30.6681
75.8389
94.9755
Tails Assay:
2.90624
2.90624
17.5192
56.123
Feed Assay:
6.01856
6.01856
29.7868
71.8685
Product Assay:
27.8317
27.8317
71.8685
93.8967
Tails Assay:
2.54327
2.54327
14.7395
51.0058
Feed Assay:
6.01856
6.01856
29.7868
71.8685
Product Assay:
27.8317
27.8317
71.8685
93.8967
Tails Assay:
2.54327
2.54327
14.7395
51.0058
Feed Assay:
6.84271
6.84271
34.2639
75.8389
Product Assay:
30.6681
30.6681
75.8389
94.9755
Tails Assay:
2.90624
2.90624
17.5192
56.123
Feed Assay:
6.84271
6.84271
34.2639
75.8389
Product Assay:
30.6681
30.6681
75.8389
94.9755
Tails Assay:
2.90624
2.90624
17.5192
56.123
