Feed Assay:
6.8406
34.2565
75.8328
0.944612
Product Assay:
30.661
75.8328
94.9739
5.43084
Tails Assay:
2.90531
17.5144
56.1148
0.387098
Feed Assay:
6.8406
34.2565
0.944612
75.8328
Product Assay:
30.661
75.8328
5.43084
94.9739
Tails Assay:
2.90531
17.5144
0.387098
56.1148
Feed Assay:
34.2565
75.8328
0.944612
6.8406
Product Assay:
75.8328
94.9739
5.43084
30.661
Tails Assay:
17.5144
56.1148
0.387098
2.90531
Feed Assay:
6.01654
29.7793
71.8613
0.944606
Product Assay:
27.8245
71.8613
93.8947
5.4308
Tails Assay:
2.54238
14.735
50.9969
0.387095
Feed Assay:
0.944606
6.01654
29.7793
71.8613
Product Assay:
5.4308
27.8245
71.8613
93.8947
Tails Assay:
0.387095
2.54238
14.735
50.9969
Feed Assay:
6.8406
34.2565
75.8328
0.944612
Product Assay:
30.661
75.8328
94.9739
5.43084
Tails Assay:
2.90531
17.5144
56.1148
0.387098
Feed Assay:
0.944612
6.8406
34.2565
75.8328
Product Assay:
5.43084
30.661
75.8328
94.9739
Tails Assay:
0.387098
2.90531
17.5144
56.1148
