Feed Assay:
0.906174
6.08232
28.0575
0.906174
Product Assay:
5.21946
28.0575
70.1366
5.21946
Tails Assay:
0.371261
2.57121
13.7131
0.371261
Feed Assay:
28.0575
0.906174
6.08232
28.0575
Product Assay:
70.1366
5.21946
28.0575
70.1366
Tails Assay:
13.7131
0.371261
2.57121
13.7131
Feed Assay:
28.0575
0.906174
6.08232
28.0575
Product Assay:
70.1366
5.21946
28.0575
70.1366
Tails Assay:
13.7131
0.371261
2.57121
13.7131
Feed Assay:
45.7786
0.906142
5.44916
25.7643
Product Assay:
83.5643
5.21928
25.7643
67.6376
Tails Assay:
25.598
0.371247
2.29463
12.3904
Feed Assay:
45.7786
0.906142
5.44916
25.7643
Product Assay:
83.5643
5.21928
25.7643
67.6376
Tails Assay:
25.598
0.371247
2.29463
12.3904
Feed Assay:
28.0575
0.906174
6.08232
28.0575
Product Assay:
70.1366
5.21946
28.0575
70.1366
Tails Assay:
13.7131
0.371261
2.57121
13.7131
Feed Assay:
0.906174
6.08232
28.0575
0.906174
Product Assay:
5.21946
28.0575
70.1366
5.21946
Tails Assay:
0.371261
2.57121
13.7131
0.371261
