Feed Assay:
0.71
4.12842
22.7931
78.5409
Product Assay:
4.12842
22.7931
78.5409
98.233
Tails Assay:
0.290548
1.8382
15.9527
76.1246
Feed Assay:
0.71
4.12842
22.7931
78.5409
Product Assay:
4.12842
22.7931
78.5409
98.233
Tails Assay:
0.290548
1.8382
15.9527
76.1246
Feed Assay:
4.12842
22.7931
78.5409
0.71
Product Assay:
22.7931
78.5409
98.233
4.12842
Tails Assay:
1.8382
15.9527
76.1246
0.290548
Feed Assay:
0.71
4.12842
22.7931
78.5409
Product Assay:
4.12842
22.7931
78.5409
98.233
Tails Assay:
0.290548
1.8382
15.9527
76.1246
