Feed Assay:
11.1485
11.1485
11.1485
53.0985
Product Assay:
53.0985
53.0985
53.0985
94.4593
Tails Assay:
6.00107
6.00107
6.00107
48.0233
Feed Assay:
11.1485
11.1485
11.1485
53.0985
Product Assay:
53.0985
53.0985
53.0985
94.4593
Tails Assay:
6.00107
6.00107
6.00107
48.0233
Feed Assay:
11.1485
11.1485
11.1485
53.0985
Product Assay:
53.0985
53.0985
53.0985
94.4593
Tails Assay:
6.00107
6.00107
6.00107
48.0233
Feed Assay:
7.73919
7.73919
7.73919
39.8888
Product Assay:
39.8888
39.8888
39.8888
90.6145
Tails Assay:
3.79433
3.79433
3.79433
33.6645
