Feed Assay:
55.7214
1.33793
11.935
55.7215
Product Assay:
95.0027
7.71256
55.7215
95.0027
Tails Assay:
50.9015
0.555739
6.56229
50.9015
Feed Assay:
1.33793
11.935
55.7215
1.33793
Product Assay:
7.71256
55.7215
95.0027
7.71256
Tails Assay:
0.555738
6.56229
50.9015
0.555739
Feed Assay:
55.7214
1.33793
11.935
55.7215
Product Assay:
95.0027
7.71256
55.7215
95.0027
Tails Assay:
50.9015
0.555739
6.56229
50.9015
Feed Assay:
89.5068
1.34774
8.53907
43.255
Product Assay:
99.2307
7.76801
43.2551
91.8245
Tails Assay:
88.3136
0.559943
4.27929
37.2954
Feed Assay:
89.5068
1.34774
8.53907
43.255
Product Assay:
99.2307
7.76801
43.2551
91.8245
Tails Assay:
88.3136
0.559943
4.27929
37.2954
Feed Assay:
55.7214
11.935
1.33793
55.7215
Product Assay:
95.0027
55.7215
7.71256
95.0027
Tails Assay:
50.9015
6.56229
0.555739
50.9015
Feed Assay:
55.7214
1.33793
11.935
55.7215
Product Assay:
95.0027
7.71256
55.7215
95.0027
Tails Assay:
50.9015
0.555739
6.56229
50.9015
