Feed Assay:
20.5921
60.9623
90.3884
0.71
Product Assay:
60.9623
90.3884
98.2648
4.12842
Tails Assay:
15.6385
57.3516
89.422
0.290548
Feed Assay:
4.12842
20.5921
60.9623
90.3884
Product Assay:
20.5921
60.9623
90.3884
98.2648
Tails Assay:
2.10828
15.6385
57.3516
89.422
Feed Assay:
60.9623
90.3884
0.71
4.12842
Product Assay:
90.3884
98.2648
4.12842
20.5921
Tails Assay:
57.3516
89.422
0.290548
2.10828
Feed Assay:
60.9623
90.3884
0.71
4.12842
Product Assay:
90.3884
98.2648
4.12842
20.5921
Tails Assay:
57.3516
89.422
0.290548
2.10828
