Feed Assay:
9.10168
9.10168
9.10168
37.6164
Product Assay:
37.6164
37.6164
37.6164
78.4073
Tails Assay:
5.60283
5.60283
5.60283
32.6112
Feed Assay:
9.10168
9.10168
9.10168
37.6164
Product Assay:
37.6164
37.6164
37.6164
78.4073
Tails Assay:
5.60283
5.60283
5.60283
32.6112
Feed Assay:
9.10168
9.10168
9.10168
37.6164
Product Assay:
37.6164
37.6164
37.6164
78.4073
Tails Assay:
5.60283
5.60283
5.60283
32.6112
Feed Assay:
7.02384
7.02384
7.02384
31.2682
Product Assay:
31.2682
31.2682
31.2682
73.2591
Tails Assay:
4.04898
4.04898
4.04898
26.1157
Feed Assay:
7.02384
7.02384
7.02384
31.2682
Product Assay:
31.2682
31.2682
31.2682
73.2591
Tails Assay:
4.04898
4.04898
4.04898
26.1157
Feed Assay:
9.10168
9.10168
9.10168
37.6164
Product Assay:
37.6164
37.6164
37.6164
78.4073
Tails Assay:
5.60283
5.60283
5.60283
32.6112
Feed Assay:
9.10168
9.10168
9.10168
37.6164
Product Assay:
37.6164
37.6164
37.6164
78.4073
Tails Assay:
5.60283
5.60283
5.60283
32.6112
