Feed Assay:
1.34556
10.3849
41.102
1.34556
Product Assay:
7.5901
41.102
80.7784
7.5901
Tails Assay:
0.579338
6.61582
36.2336
0.579338
Feed Assay:
41.102
1.34556
10.3849
41.102
Product Assay:
80.7784
7.5901
41.102
80.7784
Tails Assay:
36.2336
0.579338
6.61582
36.2336
Feed Assay:
41.102
10.3849
1.34556
41.102
Product Assay:
80.7784
41.102
7.5901
80.7784
Tails Assay:
36.2336
6.61582
0.579338
36.2336
Feed Assay:
72.0308
1.35516
8.22996
35.0673
Product Assay:
93.9427
7.64076
35.0673
76.4829
Tails Assay:
69.3422
0.583892
4.93693
29.9854
