Feed Assay:
12.8811
50.7823
86.137
1.57843
Product Assay:
47.101
86.137
97.397
8.8072
Tails Assay:
8.68223
46.4441
84.7553
0.69144
Feed Assay:
1.57843
12.8811
50.7823
86.137
Product Assay:
8.8072
47.101
86.137
97.397
Tails Assay:
0.69144
8.68223
46.4441
84.7553
Feed Assay:
1.57843
12.8811
50.7823
86.137
Product Assay:
8.8072
47.101
86.137
97.397
Tails Assay:
0.69144
8.68223
46.4441
84.7553
Feed Assay:
1.57871
10.1229
41.4596
81.0064
Product Assay:
8.80862
40.4145
81.0064
96.2524
Tails Assay:
0.691574
6.40602
36.6071
79.1356
